# JRE version: OpenJDK Runtime Environment Temurin-21.0.6+7 (21.0.6+7) (build 21.0.6+7-LTS)
# Java VM: OpenJDK 64-Bit Server VM Temurin-21.0.6+7 (21.0.6+7-LTS, mixed mode, sharing, tiered, compressed oops, compressed class ptrs, g1 gc, windows-amd64)
GC Precious Log:
 CardTable entry size: 512
 Card Set container configuration: InlinePtr #cards 5 size 8 Array Of Cards #cards 12 size 40 Howl #buckets 4 coarsen threshold 1843 Howl Bitmap #cards 512 size 80 coarsen threshold 460 Card regions per heap region 1 cards per card region 2048
 CPUs: 8 total, 8 available
 Memory: 8002M
 Large Page Support: Disabled
 NUMA Support: Disabled
 Compressed Oops: Enabled (32-bit)
 Heap Region Size: 1M
 Heap Min Capacity: 8M
 Heap Initial Capacity: 126M
 Heap Max Capacity: 2002M
 Pre-touch: Disabled
 Parallel Workers: 8
 Concurrent Workers: 2
 Concurrent Refinement Workers: 8
 Periodic GC: Disabled
Heap:
 garbage-first heap   total 81920K, used 56262K [0x0000000082e00000, 0x0000000100000000)
  region size 1024K, 7 young (7168K), 2 survivors (2048K)
 Metaspace       used 92149K, committed 93184K, reserved 1179648K
  class space    used 12060K, committed 12544K, reserved 1048576K
GC Heap History (20 events):
Event: 1305.463 GC heap before
{Heap before GC invocations=55 (full 1):
 garbage-first heap   total 76800K, used 67873K [0x0000000082e00000, 0x0000000100000000)
  region size 1024K, 31 young (31744K), 0 survivors (0K)
 Metaspace       used 90720K, committed 91712K, reserved 1179648K
  class space    used 11960K, committed 12416K, reserved 1048576K
}
Event: 1305.470 GC heap after
{Heap after GC invocations=56 (full 1):
 garbage-first heap   total 76800K, used 40350K [0x0000000082e00000, 0x0000000100000000)
  region size 1024K, 4 young (4096K), 4 survivors (4096K)
 Metaspace       used 90720K, committed 91712K, reserved 1179648K
  class space    used 11960K, committed 12416K, reserved 1048576K
}
Event: 1306.527 GC heap before
{Heap before GC invocations=57 (full 1):
 garbage-first heap   total 76800K, used 63902K [0x0000000082e00000, 0x0000000100000000)
  region size 1024K, 27 young (27648K), 4 survivors (4096K)
 Metaspace       used 90904K, committed 91840K, reserved 1179648K
  class space    used 11966K, committed 12416K, reserved 1048576K
}
Event: 1306.534 GC heap after
{Heap after GC invocations=58 (full 1):
 garbage-first heap   total 76800K, used 41979K [0x0000000082e00000, 0x0000000100000000)
  region size 1024K, 2 young (2048K), 2 survivors (2048K)
 Metaspace       used 90904K, committed 91840K, reserved 1179648K
  class space    used 11966K, committed 12416K, reserved 1048576K
}
Event: 1307.376 GC heap before
{Heap before GC invocations=58 (full 1):
 garbage-first heap   total 76800K, used 65531K [0x0000000082e00000, 0x0000000100000000)
  region size 1024K, 26 young (26624K), 2 survivors (2048K)
 Metaspace       used 90992K, committed 91968K, reserved 1179648K
  class space    used 11968K, committed 12416K, reserved 1048576K
}
Event: 1307.381 GC heap after
{Heap after GC invocations=59 (full 1):
 garbage-first heap   total 76800K, used 43093K [0x0000000082e00000, 0x0000000100000000)
  region size 1024K, 3 young (3072K), 3 survivors (3072K)
 Metaspace       used 90992K, committed 91968K, reserved 1179648K
  class space    used 11968K, committed 12416K, reserved 1048576K
}
Event: 1336.091 GC heap before
{Heap before GC invocations=59 (full 1):
 garbage-first heap   total 76800K, used 65621K [0x0000000082e00000, 0x0000000100000000)
  region size 1024K, 25 young (25600K), 3 survivors (3072K)
 Metaspace       used 91688K, committed 92672K, reserved 1179648K
  class space    used 12022K, committed 12480K, reserved 1048576K
}
Event: 1336.101 GC heap after
{Heap after GC invocations=60 (full 1):
 garbage-first heap   total 76800K, used 42737K [0x0000000082e00000, 0x0000000100000000)
  region size 1024K, 2 young (2048K), 2 survivors (2048K)
 Metaspace       used 91688K, committed 92672K, reserved 1179648K
  class space    used 12022K, committed 12480K, reserved 1048576K
}
Event: 1338.457 GC heap before
{Heap before GC invocations=61 (full 1):
 garbage-first heap   total 76800K, used 66289K [0x0000000082e00000, 0x0000000100000000)
  region size 1024K, 25 young (25600K), 2 survivors (2048K)
 Metaspace       used 91778K, committed 92800K, reserved 1179648K
  class space    used 12033K, committed 12480K, reserved 1048576K
}
Event: 1338.465 GC heap after
{Heap after GC invocations=62 (full 1):
 garbage-first heap   total 76800K, used 45349K [0x0000000082e00000, 0x0000000100000000)
  region size 1024K, 4 young (4096K), 4 survivors (4096K)
 Metaspace       used 91778K, committed 92800K, reserved 1179648K
  class space    used 12033K, committed 12480K, reserved 1048576K
}
Event: 1339.953 GC heap before
{Heap before GC invocations=62 (full 1):
 garbage-first heap   total 76800K, used 64805K [0x0000000082e00000, 0x0000000100000000)
  region size 1024K, 23 young (23552K), 4 survivors (4096K)
 Metaspace       used 91889K, committed 92864K, reserved 1179648K
  class space    used 12041K, committed 12480K, reserved 1048576K
}
Event: 1339.963 GC heap after
{Heap after GC invocations=63 (full 1):
 garbage-first heap   total 76800K, used 46426K [0x0000000082e00000, 0x0000000100000000)
  region size 1024K, 2 young (2048K), 2 survivors (2048K)
 Metaspace       used 91889K, committed 92864K, reserved 1179648K
  class space    used 12041K, committed 12480K, reserved 1048576K
}
Event: 1341.507 GC heap before
{Heap before GC invocations=63 (full 1):
 garbage-first heap   total 76800K, used 67930K [0x0000000082e00000, 0x0000000100000000)
  region size 1024K, 23 young (23552K), 2 survivors (2048K)
 Metaspace       used 91904K, committed 92864K, reserved 1179648K
  class space    used 12042K, committed 12480K, reserved 1048576K
}
Event: 1341.514 GC heap after
{Heap after GC invocations=64 (full 1):
 garbage-first heap   total 76800K, used 47179K [0x0000000082e00000, 0x0000000100000000)
  region size 1024K, 1 young (1024K), 1 survivors (1024K)
 Metaspace       used 91904K, committed 92864K, reserved 1179648K
  class space    used 12042K, committed 12480K, reserved 1048576K
}
Event: 1345.249 GC heap before
{Heap before GC invocations=65 (full 1):
 garbage-first heap   total 80896K, used 69707K [0x0000000082e00000, 0x0000000100000000)
  region size 1024K, 23 young (23552K), 1 survivors (1024K)
 Metaspace       used 92007K, committed 92992K, reserved 1179648K
  class space    used 12054K, committed 12480K, reserved 1048576K
}
Event: 1345.256 GC heap after
{Heap after GC invocations=66 (full 1):
 garbage-first heap   total 80896K, used 49411K [0x0000000082e00000, 0x0000000100000000)
  region size 1024K, 3 young (3072K), 3 survivors (3072K)
 Metaspace       used 92007K, committed 92992K, reserved 1179648K
  class space    used 12054K, committed 12480K, reserved 1048576K
}
Event: 1346.688 GC heap before
{Heap before GC invocations=66 (full 1):
 garbage-first heap   total 80896K, used 69891K [0x0000000082e00000, 0x0000000100000000)
  region size 1024K, 24 young (24576K), 3 survivors (3072K)
 Metaspace       used 92108K, committed 93120K, reserved 1179648K
  class space    used 12059K, committed 12544K, reserved 1048576K
}
Event: 1346.694 GC heap after
{Heap after GC invocations=67 (full 1):
 garbage-first heap   total 80896K, used 50651K [0x0000000082e00000, 0x0000000100000000)
  region size 1024K, 2 young (2048K), 2 survivors (2048K)
 Metaspace       used 92108K, committed 93120K, reserved 1179648K
  class space    used 12059K, committed 12544K, reserved 1048576K
}
Event: 1347.788 GC heap before
{Heap before GC invocations=67 (full 1):
 garbage-first heap   total 80896K, used 73179K [0x0000000082e00000, 0x0000000100000000)
  region size 1024K, 24 young (24576K), 2 survivors (2048K)
 Metaspace       used 92144K, committed 93184K, reserved 1179648K
  class space    used 12060K, committed 12544K, reserved 1048576K
}
Event: 1347.794 GC heap after
{Heap after GC invocations=68 (full 1):
 garbage-first heap   total 80896K, used 52166K [0x0000000082e00000, 0x0000000100000000)
  region size 1024K, 2 young (2048K), 2 survivors (2048K)
 Metaspace       used 92144K, committed 93184K, reserved 1179648K
  class space    used 12060K, committed 12544K, reserved 1048576K
}

