# JRE version: OpenJDK Runtime Environment Temurin-21.0.6+7 (21.0.6+7) (build 21.0.6+7-LTS)
# Java VM: OpenJDK 64-Bit Server VM Temurin-21.0.6+7 (21.0.6+7-LTS, mixed mode, sharing, tiered, compressed oops, compressed class ptrs, parallel gc, windows-amd64)
GC Precious Log:
 CardTable entry size: 512
 CPUs: 8 total, 8 available
 Memory: 8002M
 Large Page Support: Disabled
 NUMA Support: Disabled
 Compressed Oops: Enabled (32-bit)
 Alignments: Space 512K, Generation 512K, Heap 2M
 Heap Min Capacity: 100M
 Heap Initial Capacity: 100M
 Heap Max Capacity: 1G
 Pre-touch: Disabled
 Parallel Workers: 8
Heap:
 PSYoungGen      total 9728K, used 6933K [0x00000000eab00000, 0x00000000eb500000, 0x0000000100000000)
  eden space 9216K, 72% used [0x00000000eab00000,0x00000000eb17d730,0x00000000eb400000)
  from space 512K, 56% used [0x00000000eb480000,0x00000000eb4c8000,0x00000000eb500000)
  to   space 512K, 0% used [0x00000000eb400000,0x00000000eb400000,0x00000000eb480000)
 ParOldGen       total 592896K, used 592743K [0x00000000c0000000, 0x00000000e4300000, 0x00000000eab00000)
  object space 592896K, 99% used [0x00000000c0000000,0x00000000e42d9d68,0x00000000e4300000)
 Metaspace       used 85304K, committed 87104K, reserved 1179648K
  class space    used 8733K, committed 9536K, reserved 1048576K
GC Heap History (20 events):
Event: 1442.969 GC heap after
{Heap after GC invocations=1716 (full 4):
 PSYoungGen      total 8192K, used 256K [0x00000000eab00000, 0x00000000eb400000, 0x0000000100000000)
  eden space 7680K, 0% used [0x00000000eab00000,0x00000000eab00000,0x00000000eb280000)
  from space 512K, 50% used [0x00000000eb380000,0x00000000eb3c0000,0x00000000eb400000)
  to   space 512K, 0% used [0x00000000eb300000,0x00000000eb300000,0x00000000eb380000)
 ParOldGen       total 591872K, used 591799K [0x00000000c0000000, 0x00000000e4200000, 0x00000000eab00000)
  object space 591872K, 99% used [0x00000000c0000000,0x00000000e41ede38,0x00000000e4200000)
 Metaspace       used 85303K, committed 87104K, reserved 1179648K
  class space    used 8733K, committed 9536K, reserved 1048576K
}
Event: 1443.024 GC heap before
{Heap before GC invocations=1717 (full 4):
 PSYoungGen      total 8192K, used 7570K [0x00000000eab00000, 0x00000000eb400000, 0x0000000100000000)
  eden space 7680K, 95% used [0x00000000eab00000,0x00000000eb224930,0x00000000eb280000)
  from space 512K, 50% used [0x00000000eb380000,0x00000000eb3c0000,0x00000000eb400000)
  to   space 512K, 0% used [0x00000000eb300000,0x00000000eb300000,0x00000000eb380000)
 ParOldGen       total 591872K, used 591799K [0x00000000c0000000, 0x00000000e4200000, 0x00000000eab00000)
  object space 591872K, 99% used [0x00000000c0000000,0x00000000e41ede38,0x00000000e4200000)
 Metaspace       used 85303K, committed 87104K, reserved 1179648K
  class space    used 8733K, committed 9536K, reserved 1048576K
}
Event: 1443.037 GC heap after
{Heap after GC invocations=1717 (full 4):
 PSYoungGen      total 8192K, used 256K [0x00000000eab00000, 0x00000000eb400000, 0x0000000100000000)
  eden space 7680K, 0% used [0x00000000eab00000,0x00000000eab00000,0x00000000eb280000)
  from space 512K, 50% used [0x00000000eb300000,0x00000000eb340000,0x00000000eb380000)
  to   space 512K, 0% used [0x00000000eb380000,0x00000000eb380000,0x00000000eb400000)
 ParOldGen       total 591872K, used 591863K [0x00000000c0000000, 0x00000000e4200000, 0x00000000eab00000)
  object space 591872K, 99% used [0x00000000c0000000,0x00000000e41fde38,0x00000000e4200000)
 Metaspace       used 85303K, committed 87104K, reserved 1179648K
  class space    used 8733K, committed 9536K, reserved 1048576K
}
Event: 1443.080 GC heap before
{Heap before GC invocations=1718 (full 4):
 PSYoungGen      total 8192K, used 7790K [0x00000000eab00000, 0x00000000eb400000, 0x0000000100000000)
  eden space 7680K, 98% used [0x00000000eab00000,0x00000000eb25bbe8,0x00000000eb280000)
  from space 512K, 50% used [0x00000000eb300000,0x00000000eb340000,0x00000000eb380000)
  to   space 512K, 0% used [0x00000000eb380000,0x00000000eb380000,0x00000000eb400000)
 ParOldGen       total 591872K, used 591863K [0x00000000c0000000, 0x00000000e4200000, 0x00000000eab00000)
  object space 591872K, 99% used [0x00000000c0000000,0x00000000e41fde38,0x00000000e4200000)
 Metaspace       used 85303K, committed 87104K, reserved 1179648K
  class space    used 8733K, committed 9536K, reserved 1048576K
}
Event: 1443.084 GC heap after
{Heap after GC invocations=1718 (full 4):
 PSYoungGen      total 8192K, used 256K [0x00000000eab00000, 0x00000000eb400000, 0x0000000100000000)
  eden space 7680K, 0% used [0x00000000eab00000,0x00000000eab00000,0x00000000eb280000)
  from space 512K, 50% used [0x00000000eb380000,0x00000000eb3c0000,0x00000000eb400000)
  to   space 512K, 0% used [0x00000000eb300000,0x00000000eb300000,0x00000000eb380000)
 ParOldGen       total 592384K, used 591943K [0x00000000c0000000, 0x00000000e4280000, 0x00000000eab00000)
  object space 592384K, 99% used [0x00000000c0000000,0x00000000e4211e38,0x00000000e4280000)
 Metaspace       used 85303K, committed 87104K, reserved 1179648K
  class space    used 8733K, committed 9536K, reserved 1048576K
}
Event: 1443.118 GC heap before
{Heap before GC invocations=1719 (full 4):
 PSYoungGen      total 8192K, used 7936K [0x00000000eab00000, 0x00000000eb400000, 0x0000000100000000)
  eden space 7680K, 100% used [0x00000000eab00000,0x00000000eb280000,0x00000000eb280000)
  from space 512K, 50% used [0x00000000eb380000,0x00000000eb3c0000,0x00000000eb400000)
  to   space 512K, 0% used [0x00000000eb300000,0x00000000eb300000,0x00000000eb380000)
 ParOldGen       total 592384K, used 591943K [0x00000000c0000000, 0x00000000e4280000, 0x00000000eab00000)
  object space 592384K, 99% used [0x00000000c0000000,0x00000000e4211e38,0x00000000e4280000)
 Metaspace       used 85303K, committed 87104K, reserved 1179648K
  class space    used 8733K, committed 9536K, reserved 1048576K
}
Event: 1443.126 GC heap after
{Heap after GC invocations=1719 (full 4):
 PSYoungGen      total 8192K, used 256K [0x00000000eab00000, 0x00000000eb400000, 0x0000000100000000)
  eden space 7680K, 0% used [0x00000000eab00000,0x00000000eab00000,0x00000000eb280000)
  from space 512K, 50% used [0x00000000eb300000,0x00000000eb340000,0x00000000eb380000)
  to   space 512K, 0% used [0x00000000eb380000,0x00000000eb380000,0x00000000eb400000)
 ParOldGen       total 592384K, used 592039K [0x00000000c0000000, 0x00000000e4280000, 0x00000000eab00000)
  object space 592384K, 99% used [0x00000000c0000000,0x00000000e4229e38,0x00000000e4280000)
 Metaspace       used 85303K, committed 87104K, reserved 1179648K
  class space    used 8733K, committed 9536K, reserved 1048576K
}
Event: 1443.168 GC heap before
{Heap before GC invocations=1720 (full 4):
 PSYoungGen      total 8192K, used 7691K [0x00000000eab00000, 0x00000000eb400000, 0x0000000100000000)
  eden space 7680K, 96% used [0x00000000eab00000,0x00000000eb242d98,0x00000000eb280000)
  from space 512K, 50% used [0x00000000eb300000,0x00000000eb340000,0x00000000eb380000)
  to   space 512K, 0% used [0x00000000eb380000,0x00000000eb380000,0x00000000eb400000)
 ParOldGen       total 592384K, used 592039K [0x00000000c0000000, 0x00000000e4280000, 0x00000000eab00000)
  object space 592384K, 99% used [0x00000000c0000000,0x00000000e4229e38,0x00000000e4280000)
 Metaspace       used 85303K, committed 87104K, reserved 1179648K
  class space    used 8733K, committed 9536K, reserved 1048576K
}
Event: 1443.181 GC heap after
{Heap after GC invocations=1720 (full 4):
 PSYoungGen      total 8192K, used 256K [0x00000000eab00000, 0x00000000eb400000, 0x0000000100000000)
  eden space 7680K, 0% used [0x00000000eab00000,0x00000000eab00000,0x00000000eb280000)
  from space 512K, 50% used [0x00000000eb380000,0x00000000eb3c0000,0x00000000eb400000)
  to   space 512K, 0% used [0x00000000eb300000,0x00000000eb300000,0x00000000eb380000)
 ParOldGen       total 592384K, used 592174K [0x00000000c0000000, 0x00000000e4280000, 0x00000000eab00000)
  object space 592384K, 99% used [0x00000000c0000000,0x00000000e424ba30,0x00000000e4280000)
 Metaspace       used 85303K, committed 87104K, reserved 1179648K
  class space    used 8733K, committed 9536K, reserved 1048576K
}
Event: 1443.212 GC heap before
{Heap before GC invocations=1721 (full 4):
 PSYoungGen      total 8192K, used 7778K [0x00000000eab00000, 0x00000000eb400000, 0x0000000100000000)
  eden space 7680K, 97% used [0x00000000eab00000,0x00000000eb258980,0x00000000eb280000)
  from space 512K, 50% used [0x00000000eb380000,0x00000000eb3c0000,0x00000000eb400000)
  to   space 512K, 0% used [0x00000000eb300000,0x00000000eb300000,0x00000000eb380000)
 ParOldGen       total 592384K, used 592174K [0x00000000c0000000, 0x00000000e4280000, 0x00000000eab00000)
  object space 592384K, 99% used [0x00000000c0000000,0x00000000e424ba30,0x00000000e4280000)
 Metaspace       used 85303K, committed 87104K, reserved 1179648K
  class space    used 8733K, committed 9536K, reserved 1048576K
}
Event: 1443.240 GC heap after
{Heap after GC invocations=1721 (full 4):
 PSYoungGen      total 8704K, used 224K [0x00000000eab00000, 0x00000000eb500000, 0x0000000100000000)
  eden space 8192K, 0% used [0x00000000eab00000,0x00000000eab00000,0x00000000eb300000)
  from space 512K, 43% used [0x00000000eb300000,0x00000000eb338000,0x00000000eb380000)
  to   space 512K, 0% used [0x00000000eb480000,0x00000000eb480000,0x00000000eb500000)
 ParOldGen       total 592384K, used 592238K [0x00000000c0000000, 0x00000000e4280000, 0x00000000eab00000)
  object space 592384K, 99% used [0x00000000c0000000,0x00000000e425ba30,0x00000000e4280000)
 Metaspace       used 85303K, committed 87104K, reserved 1179648K
  class space    used 8733K, committed 9536K, reserved 1048576K
}
Event: 1443.291 GC heap before
{Heap before GC invocations=1722 (full 4):
 PSYoungGen      total 8704K, used 8378K [0x00000000eab00000, 0x00000000eb500000, 0x0000000100000000)
  eden space 8192K, 99% used [0x00000000eab00000,0x00000000eb2f6b70,0x00000000eb300000)
  from space 512K, 43% used [0x00000000eb300000,0x00000000eb338000,0x00000000eb380000)
  to   space 512K, 0% used [0x00000000eb480000,0x00000000eb480000,0x00000000eb500000)
 ParOldGen       total 592384K, used 592238K [0x00000000c0000000, 0x00000000e4280000, 0x00000000eab00000)
  object space 592384K, 99% used [0x00000000c0000000,0x00000000e425ba30,0x00000000e4280000)
 Metaspace       used 85303K, committed 87104K, reserved 1179648K
  class space    used 8733K, committed 9536K, reserved 1048576K
}
Event: 1443.296 GC heap after
{Heap after GC invocations=1722 (full 4):
 PSYoungGen      total 9728K, used 256K [0x00000000eab00000, 0x00000000eb600000, 0x0000000100000000)
  eden space 9216K, 0% used [0x00000000eab00000,0x00000000eab00000,0x00000000eb400000)
  from space 512K, 50% used [0x00000000eb480000,0x00000000eb4c0000,0x00000000eb500000)
  to   space 512K, 0% used [0x00000000eb400000,0x00000000eb400000,0x00000000eb480000)
 ParOldGen       total 592384K, used 592334K [0x00000000c0000000, 0x00000000e4280000, 0x00000000eab00000)
  object space 592384K, 99% used [0x00000000c0000000,0x00000000e4273a30,0x00000000e4280000)
 Metaspace       used 85303K, committed 87104K, reserved 1179648K
  class space    used 8733K, committed 9536K, reserved 1048576K
}
Event: 1443.455 GC heap before
{Heap before GC invocations=1723 (full 4):
 PSYoungGen      total 9728K, used 8823K [0x00000000eab00000, 0x00000000eb600000, 0x0000000100000000)
  eden space 9216K, 92% used [0x00000000eab00000,0x00000000eb35ddb0,0x00000000eb400000)
  from space 512K, 50% used [0x00000000eb480000,0x00000000eb4c0000,0x00000000eb500000)
  to   space 512K, 0% used [0x00000000eb400000,0x00000000eb400000,0x00000000eb480000)
 ParOldGen       total 592384K, used 592334K [0x00000000c0000000, 0x00000000e4280000, 0x00000000eab00000)
  object space 592384K, 99% used [0x00000000c0000000,0x00000000e4273a30,0x00000000e4280000)
 Metaspace       used 85303K, committed 87104K, reserved 1179648K
  class space    used 8733K, committed 9536K, reserved 1048576K
}
Event: 1443.463 GC heap after
{Heap after GC invocations=1723 (full 4):
 PSYoungGen      total 9728K, used 320K [0x00000000eab00000, 0x00000000eb500000, 0x0000000100000000)
  eden space 9216K, 0% used [0x00000000eab00000,0x00000000eab00000,0x00000000eb400000)
  from space 512K, 62% used [0x00000000eb400000,0x00000000eb450000,0x00000000eb480000)
  to   space 512K, 0% used [0x00000000eb480000,0x00000000eb480000,0x00000000eb500000)
 ParOldGen       total 592896K, used 592406K [0x00000000c0000000, 0x00000000e4300000, 0x00000000eab00000)
  object space 592896K, 99% used [0x00000000c0000000,0x00000000e4285a30,0x00000000e4300000)
 Metaspace       used 85303K, committed 87104K, reserved 1179648K
  class space    used 8733K, committed 9536K, reserved 1048576K
}
Event: 1443.500 GC heap before
{Heap before GC invocations=1724 (full 4):
 PSYoungGen      total 9728K, used 8943K [0x00000000eab00000, 0x00000000eb500000, 0x0000000100000000)
  eden space 9216K, 93% used [0x00000000eab00000,0x00000000eb36bf50,0x00000000eb400000)
  from space 512K, 62% used [0x00000000eb400000,0x00000000eb450000,0x00000000eb480000)
  to   space 512K, 0% used [0x00000000eb480000,0x00000000eb480000,0x00000000eb500000)
 ParOldGen       total 592896K, used 592406K [0x00000000c0000000, 0x00000000e4300000, 0x00000000eab00000)
  object space 592896K, 99% used [0x00000000c0000000,0x00000000e4285a30,0x00000000e4300000)
 Metaspace       used 85303K, committed 87104K, reserved 1179648K
  class space    used 8733K, committed 9536K, reserved 1048576K
}
Event: 1443.505 GC heap after
{Heap after GC invocations=1724 (full 4):
 PSYoungGen      total 9728K, used 224K [0x00000000eab00000, 0x00000000eb500000, 0x0000000100000000)
  eden space 9216K, 0% used [0x00000000eab00000,0x00000000eab00000,0x00000000eb400000)
  from space 512K, 43% used [0x00000000eb480000,0x00000000eb4b8000,0x00000000eb500000)
  to   space 512K, 0% used [0x00000000eb400000,0x00000000eb400000,0x00000000eb480000)
 ParOldGen       total 592896K, used 592535K [0x00000000c0000000, 0x00000000e4300000, 0x00000000eab00000)
  object space 592896K, 99% used [0x00000000c0000000,0x00000000e42a5d68,0x00000000e4300000)
 Metaspace       used 85303K, committed 87104K, reserved 1179648K
  class space    used 8733K, committed 9536K, reserved 1048576K
}
Event: 1443.563 GC heap before
{Heap before GC invocations=1725 (full 4):
 PSYoungGen      total 9728K, used 9440K [0x00000000eab00000, 0x00000000eb500000, 0x0000000100000000)
  eden space 9216K, 100% used [0x00000000eab00000,0x00000000eb400000,0x00000000eb400000)
  from space 512K, 43% used [0x00000000eb480000,0x00000000eb4b8000,0x00000000eb500000)
  to   space 512K, 0% used [0x00000000eb400000,0x00000000eb400000,0x00000000eb480000)
 ParOldGen       total 592896K, used 592535K [0x00000000c0000000, 0x00000000e4300000, 0x00000000eab00000)
  object space 592896K, 99% used [0x00000000c0000000,0x00000000e42a5d68,0x00000000e4300000)
 Metaspace       used 85303K, committed 87104K, reserved 1179648K
  class space    used 8733K, committed 9536K, reserved 1048576K
}
Event: 1443.566 GC heap after
{Heap after GC invocations=1725 (full 4):
 PSYoungGen      total 9728K, used 224K [0x00000000eab00000, 0x00000000eb500000, 0x0000000100000000)
  eden space 9216K, 0% used [0x00000000eab00000,0x00000000eab00000,0x00000000eb400000)
  from space 512K, 43% used [0x00000000eb400000,0x00000000eb438000,0x00000000eb480000)
  to   space 512K, 0% used [0x00000000eb480000,0x00000000eb480000,0x00000000eb500000)
 ParOldGen       total 592896K, used 592631K [0x00000000c0000000, 0x00000000e4300000, 0x00000000eab00000)
  object space 592896K, 99% used [0x00000000c0000000,0x00000000e42bdd68,0x00000000e4300000)
 Metaspace       used 85303K, committed 87104K, reserved 1179648K
  class space    used 8733K, committed 9536K, reserved 1048576K
}
Event: 1443.708 GC heap before
{Heap before GC invocations=1726 (full 4):
 PSYoungGen      total 9728K, used 8749K [0x00000000eab00000, 0x00000000eb500000, 0x0000000100000000)
  eden space 9216K, 92% used [0x00000000eab00000,0x00000000eb353560,0x00000000eb400000)
  from space 512K, 43% used [0x00000000eb400000,0x00000000eb438000,0x00000000eb480000)
  to   space 512K, 0% used [0x00000000eb480000,0x00000000eb480000,0x00000000eb500000)
 ParOldGen       total 592896K, used 592631K [0x00000000c0000000, 0x00000000e4300000, 0x00000000eab00000)
  object space 592896K, 99% used [0x00000000c0000000,0x00000000e42bdd68,0x00000000e4300000)
 Metaspace       used 85304K, committed 87104K, reserved 1179648K
  class space    used 8733K, committed 9536K, reserved 1048576K
}

